[0.041s] Invoking command in '/home/tutu/ws/build/feature_matcher': /usr/bin/cmake /home/tutu/ws/MobileRobots-master/src/mr_ws/src/feature_matcher -DCATKIN_INSTALL_INTO_PREFIX_ROOT=0 -DCMAKE_INSTALL_PREFIX=/home/tutu/ws/install/feature_matcher
[0.136s] -- The C compiler identification is GNU 9.4.0
[0.227s] -- The CXX compiler identification is GNU 9.4.0
[0.236s] -- Check for working C compiler: /usr/bin/cc
[0.335s] -- Check for working C compiler: /usr/bin/cc -- works
[0.337s] -- Detecting C compiler ABI info
[0.438s] -- Detecting C compiler ABI info - done
[0.459s] -- Detecting C compile features
[0.460s] -- Detecting C compile features - done
[0.465s] -- Check for working CXX compiler: /usr/bin/c++
[0.594s] -- Check for working CXX compiler: /usr/bin/c++ -- works
[0.595s] -- Detecting CXX compiler ABI info
[0.711s] -- Detecting CXX compiler ABI info - done
[0.732s] -- Detecting CXX compile features
[0.733s] -- Detecting CXX compile features - done
[0.736s] -- Using CATKIN_DEVEL_PREFIX: /home/tutu/ws/build/feature_matcher/devel
[0.736s] -- Using CMAKE_PREFIX_PATH: /opt/ros/noetic
[0.737s] -- This workspace overlays: /opt/ros/noetic
[0.775s] -- Found PythonInterp: /usr/bin/python3 (found suitable version "3.8.10", minimum required is "3") 
[0.780s] -- Using PYTHON_EXECUTABLE: /usr/bin/python3
[0.780s] -- Using Debian Python package layout
[0.857s] -- Found PY_em: /usr/lib/python3/dist-packages/em.py  
[0.858s] -- Using empy: /usr/lib/python3/dist-packages/em.py
[1.129s] -- Using CATKIN_ENABLE_TESTING: ON
[1.129s] -- Call enable_testing()
[1.132s] -- Using CATKIN_TEST_RESULTS_DIR: /home/tutu/ws/build/feature_matcher/test_results
[1.624s] -- Forcing gtest/gmock from source, though one was otherwise available.
[1.625s] -- Found gtest sources under '/usr/src/googletest': gtests will be built
[1.626s] -- Found gmock sources under '/usr/src/googletest': gmock will be built
[1.671s] -- Found PythonInterp: /usr/bin/python3 (found version "3.8.10") 
[1.674s] -- Found Threads: TRUE  
[1.682s] -- Using Python nosetests: /usr/bin/nosetests3
[1.789s] -- catkin 0.8.10
[1.790s] -- BUILD_SHARED_LIBS is on
[2.156s] -- Using these message generators: gencpp;geneus;genlisp;gennodejs;genpy
[2.373s] -- Found PkgConfig: /usr/bin/pkg-config (found version "0.29.1") 
[2.374s] -- Checking for module 'eigen3'
[2.392s] --   Found eigen3, version 3.3.7
[2.455s] CMake Warning at /opt/ros/noetic/share/cmake_modules/cmake/Modules/FindEigen.cmake:62 (message):
[2.456s]   The FindEigen.cmake Module in the cmake_modules package is deprecated.
[2.456s] 
[2.456s]   Please use the FindEigen3.cmake Module provided with Eigen.  Change
[2.456s]   instances of find_package(Eigen) to find_package(Eigen3).  Check the
[2.456s]   FindEigen3.cmake Module for the resulting CMake variable names.
[2.456s] 
[2.456s] Call Stack (most recent call first):
[2.456s]   CMakeLists.txt:19 (find_package)
[2.456s] 
[2.457s] 
[2.457s] -- Found Eigen: /usr/include/eigen3  
[2.458s] -- Eigen found (include: /usr/include/eigen3)
[2.790s] -- Configuring done
[2.849s] -- Generating done
[2.857s] -- Build files have been written to: /home/tutu/ws/build/feature_matcher
[2.868s] Invoked command in '/home/tutu/ws/build/feature_matcher' returned '0': /usr/bin/cmake /home/tutu/ws/MobileRobots-master/src/mr_ws/src/feature_matcher -DCATKIN_INSTALL_INTO_PREFIX_ROOT=0 -DCMAKE_INSTALL_PREFIX=/home/tutu/ws/install/feature_matcher
[2.873s] Invoking command in '/home/tutu/ws/build/feature_matcher': /usr/bin/cmake --build /home/tutu/ws/build/feature_matcher -- -j8 -l8
[2.945s] [35m[1mScanning dependencies of target feature_matcher[0m
[3.048s] [ 33%] [32mBuilding CXX object CMakeFiles/feature_matcher.dir/src/feature_matcher.cpp.o[0m
[3.068s] [ 66%] [32mBuilding CXX object CMakeFiles/feature_matcher.dir/src/matcher.cpp.o[0m
[12.502s] [100%] [32m[1mLinking CXX executable devel/lib/feature_matcher/feature_matcher[0m
[12.718s] [100%] Built target feature_matcher
