-- The C compiler identification is GNU 9.4.0
-- The CXX compiler identification is GNU 9.4.0
-- Check for working C compiler: /usr/bin/cc
-- Check for working C compiler: /usr/bin/cc -- works
-- Detecting C compiler ABI info
-- Detecting C compiler ABI info - done
-- Detecting C compile features
-- Detecting C compile features - done
-- Check for working CXX compiler: /usr/bin/c++
-- Check for working CXX compiler: /usr/bin/c++ -- works
-- Detecting CXX compiler ABI info
-- Detecting CXX compiler ABI info - done
-- Detecting CXX compile features
-- Detecting CXX compile features - done
-- Using CATKIN_DEVEL_PREFIX: /home/tutu/ws/build/simple_controller/devel
-- Using CMAKE_PREFIX_PATH: /opt/ros/noetic
-- This workspace overlays: /opt/ros/noetic
-- Found PythonInterp: /usr/bin/python3 (found suitable version "3.8.10", minimum required is "3") 
-- Using PYTHON_EXECUTABLE: /usr/bin/python3
-- Using Debian Python package layout
-- Found PY_em: /usr/lib/python3/dist-packages/em.py  
-- Using empy: /usr/lib/python3/dist-packages/em.py
-- Using CATKIN_ENABLE_TESTING: ON
-- Call enable_testing()
-- Using CATKIN_TEST_RESULTS_DIR: /home/tutu/ws/build/simple_controller/test_results
-- Forcing gtest/gmock from source, though one was otherwise available.
-- Found gtest sources under '/usr/src/googletest': gtests will be built
-- Found gmock sources under '/usr/src/googletest': gmock will be built
-- Found PythonInterp: /usr/bin/python3 (found version "3.8.10") 
-- Found Threads: TRUE  
-- Using Python nosetests: /usr/bin/nosetests3
-- catkin 0.8.10
-- BUILD_SHARED_LIBS is on
-- Using these message generators: gencpp;geneus;genlisp;gennodejs;genpy
-- Found Boost: /usr/lib/x86_64-linux-gnu/cmake/Boost-1.71.0/BoostConfig.cmake (found version "1.71.0") found components: system 
-- Configuring done
-- Generating done
-- Build files have been written to: /home/tutu/ws/build/simple_controller
[35m[1mScanning dependencies of target simple_controller_gencfg[0m
[ 25%] [34m[1mGenerating dynamic reconfigure files from cfg/ControllerDynReconf.cfg: /home/tutu/ws/build/simple_controller/devel/include/simple_controller/ControllerDynReconfConfig.h /home/tutu/ws/build/simple_controller/devel/lib/python3/dist-packages/simple_controller/cfg/ControllerDynReconfConfig.py[0m
Generating reconfiguration files for ControllerDynReconf in simple_controller
Wrote header file in /home/tutu/ws/build/simple_controller/devel/include/simple_controller/ControllerDynReconfConfig.h
[ 25%] Built target simple_controller_gencfg
[35m[1mScanning dependencies of target controller_node[0m
[ 50%] [32mBuilding CXX object CMakeFiles/controller_node.dir/src/controller_node.cpp.o[0m
[ 75%] [32mBuilding CXX object CMakeFiles/controller_node.dir/src/controller.cpp.o[0m
