[0.068s] Invoking command in '/home/tutu/ws/build/velocity_controller': /usr/bin/cmake /home/tutu/ws/MobileRobots-master/src/mr_ws/src/velocity_controller -DCATKIN_INSTALL_INTO_PREFIX_ROOT=0 -DCMAKE_INSTALL_PREFIX=/home/tutu/ws/install/velocity_controller
[0.124s] -- The C compiler identification is GNU 9.4.0
[0.180s] -- The CXX compiler identification is GNU 9.4.0
[0.185s] -- Check for working C compiler: /usr/bin/cc
[0.242s] -- Check for working C compiler: /usr/bin/cc -- works
[0.244s] -- Detecting C compiler ABI info
[0.300s] -- Detecting C compiler ABI info - done
[0.312s] -- Detecting C compile features
[0.313s] -- Detecting C compile features - done
[0.316s] -- Check for working CXX compiler: /usr/bin/c++
[0.383s] -- Check for working CXX compiler: /usr/bin/c++ -- works
[0.385s] -- Detecting CXX compiler ABI info
[0.452s] -- Detecting CXX compiler ABI info - done
[0.465s] -- Detecting CXX compile features
[0.466s] -- Detecting CXX compile features - done
[0.468s] -- Using CATKIN_DEVEL_PREFIX: /home/tutu/ws/build/velocity_controller/devel
[0.468s] -- Using CMAKE_PREFIX_PATH: /home/tutu/ws/install/polaris_ranger_ev;/home/tutu/ws/install/cart_launch;/opt/ros/noetic
[0.468s] -- This workspace overlays: /home/tutu/ws/install/polaris_ranger_ev;/home/tutu/ws/install/cart_launch;/opt/ros/noetic
[0.491s] -- Found PythonInterp: /usr/bin/python3 (found suitable version "3.8.10", minimum required is "3") 
[0.492s] -- Using PYTHON_EXECUTABLE: /usr/bin/python3
[0.492s] -- Using Debian Python package layout
[0.525s] -- Found PY_em: /usr/lib/python3/dist-packages/em.py  
[0.525s] -- Using empy: /usr/lib/python3/dist-packages/em.py
[0.653s] -- Using CATKIN_ENABLE_TESTING: ON
[0.653s] -- Call enable_testing()
[0.655s] -- Using CATKIN_TEST_RESULTS_DIR: /home/tutu/ws/build/velocity_controller/test_results
[0.941s] -- Forcing gtest/gmock from source, though one was otherwise available.
[0.942s] -- Found gtest sources under '/usr/src/googletest': gtests will be built
[0.942s] -- Found gmock sources under '/usr/src/googletest': gmock will be built
[0.970s] -- Found PythonInterp: /usr/bin/python3 (found version "3.8.10") 
[0.973s] -- Found Threads: TRUE  
[0.980s] -- Using Python nosetests: /usr/bin/nosetests3
[1.039s] -- catkin 0.8.10
[1.040s] -- BUILD_SHARED_LIBS is on
[1.306s] Traceback (most recent call last):
[1.306s]   File "/home/tutu/ws/build/velocity_controller/catkin_generated/generate_cached_setup.py", line 22, in <module>
[1.306s]     code = generate_environment_script('/home/tutu/ws/build/velocity_controller/devel/env.sh')
[1.306s]   File "/opt/ros/noetic/lib/python3/dist-packages/catkin/environment_cache.py", line 63, in generate_environment_script
[1.306s]     env_after = ast.literal_eval(output.decode('utf8'))
[1.306s]   File "/usr/lib/python3.8/ast.py", line 59, in literal_eval
[1.307s]     node_or_string = parse(node_or_string, mode='eval')
[1.307s]   File "/usr/lib/python3.8/ast.py", line 47, in parse
[1.307s]     return compile(source, filename, mode, flags,
[1.307s]   File "<unknown>", line 1
[1.307s]     ROS_DISTRO was set to 'foxy' before. Please make sure that the environment does not mix paths from different distributions.
[1.307s]                ^
[1.307s] SyntaxError: invalid syntax
[1.331s] CMake Error at /opt/ros/noetic/share/catkin/cmake/safe_execute_process.cmake:11 (message):
[1.331s]   execute_process(/usr/bin/python3
[1.331s]   "/home/tutu/ws/build/velocity_controller/catkin_generated/generate_cached_setup.py")
[1.331s]   returned error code 1
[1.331s] Call Stack (most recent call first):
[1.332s]   /opt/ros/noetic/share/catkin/cmake/all.cmake:208 (safe_execute_process)
[1.332s]   /opt/ros/noetic/share/catkin/cmake/catkinConfig.cmake:20 (include)
[1.332s]   CMakeLists.txt:10 (find_package)
[1.332s] 
[1.332s] 
[1.333s] -- Configuring incomplete, errors occurred!
[1.333s] See also "/home/tutu/ws/build/velocity_controller/CMakeFiles/CMakeOutput.log".
[1.333s] See also "/home/tutu/ws/build/velocity_controller/CMakeFiles/CMakeError.log".
[1.340s] Invoked command in '/home/tutu/ws/build/velocity_controller' returned '1': /usr/bin/cmake /home/tutu/ws/MobileRobots-master/src/mr_ws/src/velocity_controller -DCATKIN_INSTALL_INTO_PREFIX_ROOT=0 -DCMAKE_INSTALL_PREFIX=/home/tutu/ws/install/velocity_controller
