[0.042s] Invoking command in '/home/tutu/ws/build/odo2tf': /usr/bin/cmake /home/tutu/ws/MobileRobots-master/src/mr_ws/src/odo2tf -DCATKIN_INSTALL_INTO_PREFIX_ROOT=0 -DCMAKE_INSTALL_PREFIX=/home/tutu/ws/install/odo2tf
[0.134s] -- The C compiler identification is GNU 9.4.0
[0.226s] -- The CXX compiler identification is GNU 9.4.0
[0.235s] -- Check for working C compiler: /usr/bin/cc
[0.339s] -- Check for working C compiler: /usr/bin/cc -- works
[0.340s] -- Detecting C compiler ABI info
[0.439s] -- Detecting C compiler ABI info - done
[0.464s] -- Detecting C compile features
[0.464s] -- Detecting C compile features - done
[0.470s] -- Check for working CXX compiler: /usr/bin/c++
[0.588s] -- Check for working CXX compiler: /usr/bin/c++ -- works
[0.589s] -- Detecting CXX compiler ABI info
[0.705s] -- Detecting CXX compiler ABI info - done
[0.728s] -- Detecting CXX compile features
[0.729s] -- Detecting CXX compile features - done
[0.732s] -- Using CATKIN_DEVEL_PREFIX: /home/tutu/ws/build/odo2tf/devel
[0.732s] -- Using CMAKE_PREFIX_PATH: /opt/ros/noetic
[0.732s] -- This workspace overlays: /opt/ros/noetic
[0.775s] -- Found PythonInterp: /usr/bin/python3 (found suitable version "3.8.10", minimum required is "3") 
[0.775s] -- Using PYTHON_EXECUTABLE: /usr/bin/python3
[0.775s] -- Using Debian Python package layout
[0.839s] -- Found PY_em: /usr/lib/python3/dist-packages/em.py  
[0.839s] -- Using empy: /usr/lib/python3/dist-packages/em.py
[1.115s] -- Using CATKIN_ENABLE_TESTING: ON
[1.115s] -- Call enable_testing()
[1.126s] -- Using CATKIN_TEST_RESULTS_DIR: /home/tutu/ws/build/odo2tf/test_results
[1.587s] -- Forcing gtest/gmock from source, though one was otherwise available.
[1.588s] -- Found gtest sources under '/usr/src/googletest': gtests will be built
[1.588s] -- Found gmock sources under '/usr/src/googletest': gmock will be built
[1.638s] -- Found PythonInterp: /usr/bin/python3 (found version "3.8.10") 
[1.642s] -- Found Threads: TRUE  
[1.650s] -- Using Python nosetests: /usr/bin/nosetests3
[1.759s] -- catkin 0.8.10
[1.760s] -- BUILD_SHARED_LIBS is on
[2.172s] -- Using these message generators: gencpp;geneus;genlisp;gennodejs;genpy
[2.626s] -- Configuring done
[2.661s] -- Generating done
[2.671s] -- Build files have been written to: /home/tutu/ws/build/odo2tf
[2.688s] Invoked command in '/home/tutu/ws/build/odo2tf' returned '0': /usr/bin/cmake /home/tutu/ws/MobileRobots-master/src/mr_ws/src/odo2tf -DCATKIN_INSTALL_INTO_PREFIX_ROOT=0 -DCMAKE_INSTALL_PREFIX=/home/tutu/ws/install/odo2tf
[2.694s] Invoking command in '/home/tutu/ws/build/odo2tf': /usr/bin/cmake --build /home/tutu/ws/build/odo2tf -- -j8 -l8
[2.782s] [35m[1mScanning dependencies of target odo2tf[0m
[2.824s] [ 50%] [32mBuilding CXX object CMakeFiles/odo2tf.dir/src/odo2tf.cpp.o[0m
[8.080s] [100%] [32m[1mLinking CXX executable devel/lib/odo2tf/odo2tf[0m
[8.356s] [100%] Built target odo2tf
[8.372s] Invoked command in '/home/tutu/ws/build/odo2tf' returned '0': /usr/bin/cmake --build /home/tutu/ws/build/odo2tf -- -j8 -l8
[8.738s] Invoking command in '/home/tutu/ws/build/odo2tf': /usr/bin/cmake --build /home/tutu/ws/build/odo2tf --target tests -- -j8 -l8
[9.658s] [35m[1mScanning dependencies of target tests[0m
[9.658s] Built target tests
[9.689s] Invoked command in '/home/tutu/ws/build/odo2tf' returned '0': /usr/bin/cmake --build /home/tutu/ws/build/odo2tf --target tests -- -j8 -l8
[10.023s] Invoking command in '/home/tutu/ws/build/odo2tf': /usr/bin/cmake --install /home/tutu/ws/build/odo2tf
[10.061s] -- Install configuration: ""
[10.061s] -- Installing: /home/tutu/ws/install/odo2tf/lib/pkgconfig/odo2tf.pc
[10.062s] -- Installing: /home/tutu/ws/install/odo2tf/share/odo2tf/cmake/odo2tfConfig.cmake
[10.062s] -- Installing: /home/tutu/ws/install/odo2tf/share/odo2tf/cmake/odo2tfConfig-version.cmake
[10.062s] -- Installing: /home/tutu/ws/install/odo2tf/share/odo2tf/package.xml
