[0.042s] Invoking command in '/home/tutu/ws/build/cart_launch': /usr/bin/cmake /home/tutu/ws/MobileRobots-master/src/mr_ws/src/cart_launch -DCATKIN_INSTALL_INTO_PREFIX_ROOT=0 -DCMAKE_INSTALL_PREFIX=/home/tutu/ws/install/cart_launch
[0.138s] -- The C compiler identification is GNU 9.4.0
[0.227s] -- The CXX compiler identification is GNU 9.4.0
[0.237s] -- Check for working C compiler: /usr/bin/cc
[0.329s] -- Check for working C compiler: /usr/bin/cc -- works
[0.331s] -- Detecting C compiler ABI info
[0.431s] -- Detecting C compiler ABI info - done
[0.453s] -- Detecting C compile features
[0.453s] -- Detecting C compile features - done
[0.459s] -- Check for working CXX compiler: /usr/bin/c++
[0.581s] -- Check for working CXX compiler: /usr/bin/c++ -- works
[0.583s] -- Detecting CXX compiler ABI info
[0.718s] -- Detecting CXX compiler ABI info - done
[0.741s] -- Detecting CXX compile features
[0.742s] -- Detecting CXX compile features - done
[0.745s] -- Using CATKIN_DEVEL_PREFIX: /home/tutu/ws/build/cart_launch/devel
[0.745s] -- Using CMAKE_PREFIX_PATH: /opt/ros/noetic
[0.745s] -- This workspace overlays: /opt/ros/noetic
[0.786s] -- Found PythonInterp: /usr/bin/python3 (found suitable version "3.8.10", minimum required is "3") 
[0.786s] -- Using PYTHON_EXECUTABLE: /usr/bin/python3
[0.786s] -- Using Debian Python package layout
[0.856s] -- Found PY_em: /usr/lib/python3/dist-packages/em.py  
[0.856s] -- Using empy: /usr/lib/python3/dist-packages/em.py
[1.116s] -- Using CATKIN_ENABLE_TESTING: ON
[1.116s] -- Call enable_testing()
[1.121s] -- Using CATKIN_TEST_RESULTS_DIR: /home/tutu/ws/build/cart_launch/test_results
[1.578s] -- Forcing gtest/gmock from source, though one was otherwise available.
[1.578s] -- Found gtest sources under '/usr/src/googletest': gtests will be built
[1.579s] -- Found gmock sources under '/usr/src/googletest': gmock will be built
[1.624s] -- Found PythonInterp: /usr/bin/python3 (found version "3.8.10") 
[1.628s] -- Found Threads: TRUE  
[1.637s] -- Using Python nosetests: /usr/bin/nosetests3
[1.740s] -- catkin 0.8.10
[1.740s] -- BUILD_SHARED_LIBS is on
[2.238s] -- Configuring done
[2.251s] -- Generating done
[2.253s] -- Build files have been written to: /home/tutu/ws/build/cart_launch
[2.264s] Invoked command in '/home/tutu/ws/build/cart_launch' returned '0': /usr/bin/cmake /home/tutu/ws/MobileRobots-master/src/mr_ws/src/cart_launch -DCATKIN_INSTALL_INTO_PREFIX_ROOT=0 -DCMAKE_INSTALL_PREFIX=/home/tutu/ws/install/cart_launch
[2.266s] Invoking command in '/home/tutu/ws/build/cart_launch': /usr/bin/cmake --build /home/tutu/ws/build/cart_launch -- -j8 -l8
[2.712s] Invoked command in '/home/tutu/ws/build/cart_launch' returned '0': /usr/bin/cmake --build /home/tutu/ws/build/cart_launch -- -j8 -l8
[2.810s] Invoking command in '/home/tutu/ws/build/cart_launch': /usr/bin/cmake --build /home/tutu/ws/build/cart_launch --target tests -- -j8 -l8
[2.893s] [35m[1mScanning dependencies of target tests[0m
[2.909s] Built target tests
[2.937s] Invoked command in '/home/tutu/ws/build/cart_launch' returned '0': /usr/bin/cmake --build /home/tutu/ws/build/cart_launch --target tests -- -j8 -l8
[3.049s] Invoking command in '/home/tutu/ws/build/cart_launch': /usr/bin/cmake --install /home/tutu/ws/build/cart_launch
[8.387s] -- Install configuration: ""
[8.387s] -- Installing: /home/tutu/ws/install/cart_launch/lib/pkgconfig/cart_launch.pc
[8.387s] -- Installing: /home/tutu/ws/install/cart_launch/share/cart_launch/cmake/cart_launchConfig.cmake
[8.387s] -- Installing: /home/tutu/ws/install/cart_launch/share/cart_launch/cmake/cart_launchConfig-version.cmake
[8.387s] -- Installing: /home/tutu/ws/install/cart_launch/share/cart_launch/package.xml
[8.406s] Invoked command in '/home/tutu/ws/build/cart_launch' returned '0': /usr/bin/cmake --install /home/tutu/ws/build/cart_launch
