Performing C SOURCE FILE Test CMAKE_HAVE_LIBC_PTHREAD failed with the following output:
Change Dir: /home/tutu/ws/build/velocity_controller/CMakeFiles/CMakeTmp

Run Build Command(s):/usr/bin/make cmTC_76199/fast && /usr/bin/make -f CMakeFiles/cmTC_76199.dir/build.make CMakeFiles/cmTC_76199.dir/build
make[1]: 进入目录“/home/tutu/ws/build/velocity_controller/CMakeFiles/CMakeTmp”
Building C object CMakeFiles/cmTC_76199.dir/src.c.o
/usr/bin/cc   -DCMAKE_HAVE_LIBC_PTHREAD   -o CMakeFiles/cmTC_76199.dir/src.c.o   -c /home/tutu/ws/build/velocity_controller/CMakeFiles/CMakeTmp/src.c
Linking C executable cmTC_76199
/usr/bin/cmake -E cmake_link_script CMakeFiles/cmTC_76199.dir/link.txt --verbose=1
/usr/bin/cc  -DCMAKE_HAVE_LIBC_PTHREAD    -rdynamic CMakeFiles/cmTC_76199.dir/src.c.o  -o cmTC_76199 
/usr/bin/ld: CMakeFiles/cmTC_76199.dir/src.c.o: in function `main':
src.c:(.text+0x46): undefined reference to `pthread_create'
/usr/bin/ld: src.c:(.text+0x52): undefined reference to `pthread_detach'
/usr/bin/ld: src.c:(.text+0x63): undefined reference to `pthread_join'
collect2: error: ld returned 1 exit status
make[1]: *** [CMakeFiles/cmTC_76199.dir/build.make:87：cmTC_76199] 错误 1
make[1]: 离开目录“/home/tutu/ws/build/velocity_controller/CMakeFiles/CMakeTmp”
make: *** [Makefile:121：cmTC_76199/fast] 错误 2


Source file was:
#include <pthread.h>

void* test_func(void* data)
{
  return data;
}

int main(void)
{
  pthread_t thread;
  pthread_create(&thread, NULL, test_func, NULL);
  pthread_detach(thread);
  pthread_join(thread, NULL);
  pthread_atfork(NULL, NULL, NULL);
  pthread_exit(NULL);

  return 0;
}

Determining if the function pthread_create exists in the pthreads failed with the following output:
Change Dir: /home/tutu/ws/build/velocity_controller/CMakeFiles/CMakeTmp

Run Build Command(s):/usr/bin/make cmTC_97abd/fast && /usr/bin/make -f CMakeFiles/cmTC_97abd.dir/build.make CMakeFiles/cmTC_97abd.dir/build
make[1]: 进入目录“/home/tutu/ws/build/velocity_controller/CMakeFiles/CMakeTmp”
Building C object CMakeFiles/cmTC_97abd.dir/CheckFunctionExists.c.o
/usr/bin/cc   -DCHECK_FUNCTION_EXISTS=pthread_create   -o CMakeFiles/cmTC_97abd.dir/CheckFunctionExists.c.o   -c /usr/share/cmake-3.16/Modules/CheckFunctionExists.c
Linking C executable cmTC_97abd
/usr/bin/cmake -E cmake_link_script CMakeFiles/cmTC_97abd.dir/link.txt --verbose=1
/usr/bin/cc  -DCHECK_FUNCTION_EXISTS=pthread_create    -rdynamic CMakeFiles/cmTC_97abd.dir/CheckFunctionExists.c.o  -o cmTC_97abd  -lpthreads 
/usr/bin/ld: 找不到 -lpthreads
collect2: error: ld returned 1 exit status
make[1]: *** [CMakeFiles/cmTC_97abd.dir/build.make:87：cmTC_97abd] 错误 1
make[1]: 离开目录“/home/tutu/ws/build/velocity_controller/CMakeFiles/CMakeTmp”
make: *** [Makefile:121：cmTC_97abd/fast] 错误 2



