[0.061s] Invoking command in '/home/tutu/ws/build/stage_controller': /usr/bin/cmake /home/tutu/ws/MobileRobots-master/src/mr_ws/src/stage_controller -DCATKIN_INSTALL_INTO_PREFIX_ROOT=0 -DCMAKE_INSTALL_PREFIX=/home/tutu/ws/install/stage_controller
[0.252s] -- The C compiler identification is GNU 9.4.0
[0.436s] -- The CXX compiler identification is GNU 9.4.0
[0.450s] -- Check for working C compiler: /usr/bin/cc
[0.689s] -- Check for working C compiler: /usr/bin/cc -- works
[0.690s] -- Detecting C compiler ABI info
[0.851s] -- Detecting C compiler ABI info - done
[0.875s] -- Detecting C compile features
[0.876s] -- Detecting C compile features - done
[0.883s] -- Check for working CXX compiler: /usr/bin/c++
[1.056s] -- Check for working CXX compiler: /usr/bin/c++ -- works
[1.058s] -- Detecting CXX compiler ABI info
[1.284s] -- Detecting CXX compiler ABI info - done
[1.315s] -- Detecting CXX compile features
[1.318s] -- Detecting CXX compile features - done
[1.322s] -- Using CATKIN_DEVEL_PREFIX: /home/tutu/ws/build/stage_controller/devel
[1.324s] -- Using CMAKE_PREFIX_PATH: /opt/ros/noetic
[1.325s] -- This workspace overlays: /opt/ros/noetic
[1.385s] -- Found PythonInterp: /usr/bin/python3 (found suitable version "3.8.10", minimum required is "3") 
[1.387s] -- Using PYTHON_EXECUTABLE: /usr/bin/python3
[1.388s] -- Using Debian Python package layout
[1.466s] -- Found PY_em: /usr/lib/python3/dist-packages/em.py  
[1.466s] -- Using empy: /usr/lib/python3/dist-packages/em.py
[1.680s] -- Using CATKIN_ENABLE_TESTING: ON
[1.681s] -- Call enable_testing()
[1.687s] -- Using CATKIN_TEST_RESULTS_DIR: /home/tutu/ws/build/stage_controller/test_results
[2.082s] -- Forcing gtest/gmock from source, though one was otherwise available.
[2.083s] -- Found gtest sources under '/usr/src/googletest': gtests will be built
[2.083s] -- Found gmock sources under '/usr/src/googletest': gmock will be built
[2.107s] -- Found PythonInterp: /usr/bin/python3 (found version "3.8.10") 
[2.109s] -- Found Threads: TRUE  
[2.113s] -- Using Python nosetests: /usr/bin/nosetests3
[2.172s] -- catkin 0.8.10
[2.172s] -- BUILD_SHARED_LIBS is on
[2.572s] -- Configuring done
[2.590s] -- Generating done
[2.592s] -- Build files have been written to: /home/tutu/ws/build/stage_controller
