[0.057s] Invoking command in '/home/tutu/ws/build/vehicle_ros_plugin': /usr/bin/cmake /home/tutu/ws/MobileRobots-master/src/mr_ws/src/vehicle_ros_plugin -DCATKIN_INSTALL_INTO_PREFIX_ROOT=0 -DCMAKE_INSTALL_PREFIX=/home/tutu/ws/install/vehicle_ros_plugin
[0.691s] -- The C compiler identification is GNU 9.4.0
[0.691s] -- The CXX compiler identification is GNU 9.4.0
[0.691s] -- Check for working C compiler: /usr/bin/cc
[0.691s] -- Check for working C compiler: /usr/bin/cc -- works
[0.691s] -- Detecting C compiler ABI info
[0.731s] -- Detecting C compiler ABI info - done
[0.753s] -- Detecting C compile features
[0.754s] -- Detecting C compile features - done
[0.769s] -- Check for working CXX compiler: /usr/bin/c++
[0.900s] -- Check for working CXX compiler: /usr/bin/c++ -- works
[0.903s] -- Detecting CXX compiler ABI info
[1.128s] -- Detecting CXX compiler ABI info - done
[1.162s] -- Detecting CXX compile features
[1.163s] -- Detecting CXX compile features - done
[1.168s] -- Using CATKIN_DEVEL_PREFIX: /home/tutu/ws/build/vehicle_ros_plugin/devel
[1.168s] -- Using CMAKE_PREFIX_PATH: /opt/ros/noetic
[1.169s] -- This workspace overlays: /opt/ros/noetic
[1.230s] -- Found PythonInterp: /usr/bin/python3 (found suitable version "3.8.10", minimum required is "3") 
[1.230s] -- Using PYTHON_EXECUTABLE: /usr/bin/python3
[1.231s] -- Using Debian Python package layout
[1.326s] -- Found PY_em: /usr/lib/python3/dist-packages/em.py  
[1.326s] -- Using empy: /usr/lib/python3/dist-packages/em.py
[1.585s] -- Using CATKIN_ENABLE_TESTING: ON
[1.585s] -- Call enable_testing()
[1.588s] -- Using CATKIN_TEST_RESULTS_DIR: /home/tutu/ws/build/vehicle_ros_plugin/test_results
[2.038s] -- Forcing gtest/gmock from source, though one was otherwise available.
[2.038s] -- Found gtest sources under '/usr/src/googletest': gtests will be built
[2.038s] -- Found gmock sources under '/usr/src/googletest': gmock will be built
[2.062s] -- Found PythonInterp: /usr/bin/python3 (found version "3.8.10") 
[2.064s] -- Found Threads: TRUE  
[2.068s] -- Using Python nosetests: /usr/bin/nosetests3
[2.126s] -- catkin 0.8.10
[2.126s] -- BUILD_SHARED_LIBS is on
[2.362s] -- Using these message generators: gencpp;geneus;genlisp;gennodejs;genpy
[2.735s] -- Found PkgConfig: /usr/bin/pkg-config (found version "0.29.1") 
[2.737s] -- Checking for module 'bullet>=2.82'
[2.752s] --   Found bullet, version 2.88
[2.882s] -- Found ccd: /usr/include (found suitable version "2.0", minimum required is "2.0") 
[2.953s] -- Found fcl: /usr/include (found suitable version "0.5.0", minimum required is "0.3.2") 
[3.029s] -- Found assimp: /usr/include (found version "5.0.0") 
[3.051s] -- Found DART: /usr/include (Required is at least version "6.6") found components: dart 
[3.075s] -- Found Boost: /usr/lib/x86_64-linux-gnu/cmake/Boost-1.71.0/BoostConfig.cmake (found suitable version "1.71.0", minimum required is "1.40.0") found components: thread system filesystem program_options regex iostreams date_time 
[3.093s] -- Found Protobuf: /usr/lib/x86_64-linux-gnu/libprotobuf.so;-lpthread (found version "3.6.1") 
[3.098s] -- Looking for ignition-math6 -- found version 6.15.1
[3.104s] -- Searching for dependencies of ignition-math6
[3.105s] -- Looking for OGRE...
[3.106s] -- OGRE_PREFIX_WATCH changed.
[3.111s] -- Checking for module 'OGRE'
[3.129s] --   Found OGRE, version 1.9.0
[3.172s] -- Found Ogre Ghadamon (1.9.0)
[3.180s] -- Found OGRE: optimized;/usr/lib/x86_64-linux-gnu/libOgreMain.so;debug;/usr/lib/x86_64-linux-gnu/libOgreMain.so
[3.192s] -- Looking for OGRE_Paging...
[3.198s] -- Found OGRE_Paging: optimized;/usr/lib/x86_64-linux-gnu/libOgrePaging.so;debug;/usr/lib/x86_64-linux-gnu/libOgrePaging.so
[3.198s] -- Looking for OGRE_Terrain...
[3.204s] -- Found OGRE_Terrain: optimized;/usr/lib/x86_64-linux-gnu/libOgreTerrain.so;debug;/usr/lib/x86_64-linux-gnu/libOgreTerrain.so
[3.204s] -- Looking for OGRE_Property...
[3.210s] -- Found OGRE_Property: optimized;/usr/lib/x86_64-linux-gnu/libOgreProperty.so;debug;/usr/lib/x86_64-linux-gnu/libOgreProperty.so
[3.211s] -- Looking for OGRE_RTShaderSystem...
[3.217s] -- Found OGRE_RTShaderSystem: optimized;/usr/lib/x86_64-linux-gnu/libOgreRTShaderSystem.so;debug;/usr/lib/x86_64-linux-gnu/libOgreRTShaderSystem.so
[3.217s] -- Looking for OGRE_Volume...
[3.223s] -- Found OGRE_Volume: optimized;/usr/lib/x86_64-linux-gnu/libOgreVolume.so;debug;/usr/lib/x86_64-linux-gnu/libOgreVolume.so
[3.223s] -- Looking for OGRE_Overlay...
[3.229s] -- Found OGRE_Overlay: optimized;/usr/lib/x86_64-linux-gnu/libOgreOverlay.so;debug;/usr/lib/x86_64-linux-gnu/libOgreOverlay.so
[3.356s] -- Looking for ignition-math6 -- found version 6.15.1
[3.365s] -- Looking for ignition-transport8 -- found version 8.3.0
[3.366s] -- Searching for dependencies of ignition-transport8
[3.382s] -- Found Protobuf: /usr/lib/x86_64-linux-gnu/libprotobuf.so;-lpthread (found suitable version "3.6.1", minimum required is "3") 
[3.392s] -- Config-file not installed for ZeroMQ -- checking for pkg-config
[3.397s] -- Checking for module 'libzmq >= 4'
[3.414s] --   Found libzmq , version 4.3.2
[3.459s] -- Found ZeroMQ: TRUE (Required is at least version "4") 
[3.465s] -- Checking for module 'uuid'
[3.481s] --   Found uuid, version 2.34.0
[3.527s] -- Found UUID: TRUE  
[3.529s] -- Looking for ignition-msgs5 -- found version 5.10.0
[3.529s] -- Searching for dependencies of ignition-msgs5
[3.546s] -- Looking for ignition-math6 -- found version 6.15.1
[3.551s] -- Checking for module 'tinyxml2'
[3.566s] --   Found tinyxml2, version 6.2.0
[3.610s] -- Looking for ignition-msgs5 -- found version 5.10.0
[3.619s] -- Looking for ignition-common3 -- found version 3.14.2
[3.620s] -- Searching for dependencies of ignition-common3
[3.620s] -- Looking for dlfcn.h - found
[3.621s] -- Looking for libdl - found
[3.623s] -- Found DL: TRUE  
[3.631s] -- Searching for <ignition-common3> component [graphics]
[3.632s] -- Looking for ignition-common3-graphics -- found version 3.14.2
[3.633s] -- Searching for dependencies of ignition-common3-graphics
[3.633s] -- Looking for ignition-math6 -- found version 6.15.1
[3.636s] -- Looking for ignition-fuel_tools4 -- found version 4.6.0
[3.637s] -- Searching for dependencies of ignition-fuel_tools4
[3.716s] -- Found CURL: /usr/lib/x86_64-linux-gnu/libcurl.so (found version "7.68.0")  
[3.723s] -- Checking for module 'jsoncpp'
[3.739s] --   Found jsoncpp, version 1.7.4
[3.780s] -- Found JSONCPP: TRUE  
[3.786s] -- Checking for module 'libzip'
[3.803s] --   Found libzip, version 1.5.1
[3.847s] -- Found ZIP: TRUE  
[3.848s] -- Looking for ignition-common3 -- found version 3.14.2
[3.848s] -- Looking for ignition-math6 -- found version 6.15.1
[3.848s] -- Looking for ignition-msgs5 -- found version 5.10.0
[4.030s] -- Configuring done
[4.071s] -- Generating done
[4.078s] -- Build files have been written to: /home/tutu/ws/build/vehicle_ros_plugin
