[0.044s] Invoking command in '/home/tutu/ws/build/barrel_slam': /usr/bin/cmake /home/tutu/ws/MobileRobots-master/src/mr_ws/src/barrel_slam -DCATKIN_INSTALL_INTO_PREFIX_ROOT=0 -DCMAKE_INSTALL_PREFIX=/home/tutu/ws/install/barrel_slam
[0.126s] -- The C compiler identification is GNU 9.4.0
[0.215s] -- The CXX compiler identification is GNU 9.4.0
[0.226s] -- Check for working C compiler: /usr/bin/cc
[0.341s] -- Check for working C compiler: /usr/bin/cc -- works
[0.343s] -- Detecting C compiler ABI info
[0.444s] -- Detecting C compiler ABI info - done
[0.468s] -- Detecting C compile features
[0.468s] -- Detecting C compile features - done
[0.480s] -- Check for working CXX compiler: /usr/bin/c++
[0.604s] -- Check for working CXX compiler: /usr/bin/c++ -- works
[0.604s] -- Detecting CXX compiler ABI info
[0.722s] -- Detecting CXX compiler ABI info - done
[0.745s] -- Detecting CXX compile features
[0.747s] -- Detecting CXX compile features - done
[0.749s] -- Using CATKIN_DEVEL_PREFIX: /home/tutu/ws/build/barrel_slam/devel
[0.749s] -- Using CMAKE_PREFIX_PATH: /opt/ros/noetic
[0.749s] -- This workspace overlays: /opt/ros/noetic
[0.790s] -- Found PythonInterp: /usr/bin/python3 (found suitable version "3.8.10", minimum required is "3") 
[0.791s] -- Using PYTHON_EXECUTABLE: /usr/bin/python3
[0.791s] -- Using Debian Python package layout
[0.852s] -- Found PY_em: /usr/lib/python3/dist-packages/em.py  
[0.853s] -- Using empy: /usr/lib/python3/dist-packages/em.py
[1.134s] -- Using CATKIN_ENABLE_TESTING: ON
[1.135s] -- Call enable_testing()
[1.139s] -- Using CATKIN_TEST_RESULTS_DIR: /home/tutu/ws/build/barrel_slam/test_results
[1.667s] -- Forcing gtest/gmock from source, though one was otherwise available.
[1.667s] -- Found gtest sources under '/usr/src/googletest': gtests will be built
[1.667s] -- Found gmock sources under '/usr/src/googletest': gmock will be built
[1.711s] -- Found PythonInterp: /usr/bin/python3 (found version "3.8.10") 
[1.714s] -- Found Threads: TRUE  
[1.723s] -- Using Python nosetests: /usr/bin/nosetests3
[1.824s] -- catkin 0.8.10
[1.824s] -- BUILD_SHARED_LIBS is on
[2.127s] -- Using these message generators: gencpp;geneus;genlisp;gennodejs;genpy
[2.410s] -- Found Boost: /usr/lib/x86_64-linux-gnu/cmake/Boost-1.71.0/BoostConfig.cmake (found version "1.71.0") found components: system 
[2.419s] -- Found PkgConfig: /usr/bin/pkg-config (found version "0.29.1") 
[2.420s] -- Checking for module 'eigen3'
[2.445s] --   Found eigen3, version 3.3.7
[2.520s] CMake Warning at /opt/ros/noetic/share/cmake_modules/cmake/Modules/FindEigen.cmake:62 (message):
[2.520s]   The FindEigen.cmake Module in the cmake_modules package is deprecated.
[2.520s] 
[2.521s]   Please use the FindEigen3.cmake Module provided with Eigen.  Change
[2.521s]   instances of find_package(Eigen) to find_package(Eigen3).  Check the
[2.521s]   FindEigen3.cmake Module for the resulting CMake variable names.
[2.521s] 
[2.521s] Call Stack (most recent call first):
[2.521s]   CMakeLists.txt:22 (find_package)
[2.521s] 
[2.521s] 
[2.523s] -- Found Eigen: /usr/include/eigen3  
[2.523s] -- Eigen found (include: /usr/include/eigen3)
[2.864s] -- Configuring done
[2.904s] -- Generating done
[2.923s] -- Build files have been written to: /home/tutu/ws/build/barrel_slam
[2.949s] Invoked command in '/home/tutu/ws/build/barrel_slam' returned '0': /usr/bin/cmake /home/tutu/ws/MobileRobots-master/src/mr_ws/src/barrel_slam -DCATKIN_INSTALL_INTO_PREFIX_ROOT=0 -DCMAKE_INSTALL_PREFIX=/home/tutu/ws/install/barrel_slam
[2.954s] Invoking command in '/home/tutu/ws/build/barrel_slam': /usr/bin/cmake --build /home/tutu/ws/build/barrel_slam -- -j8 -l8
[3.025s] [35m[1mScanning dependencies of target slam_node[0m
[3.116s] [ 33%] [32mBuilding CXX object CMakeFiles/slam_node.dir/src/slam.cpp.o[0m
[3.146s] [ 66%] [32mBuilding CXX object CMakeFiles/slam_node.dir/src/slam_node.cpp.o[0m
[13.015s] [100%] [32m[1mLinking CXX executable devel/lib/barrel_slam/slam_node[0m
[13.197s] [100%] Built target slam_node
