[0.043s] Invoking command in '/home/tutu/ws/build/polaris_ranger_ev': /usr/bin/cmake /home/tutu/ws/MobileRobots-master/src/mr_ws/src/polaris_ranger_ev -DCATKIN_INSTALL_INTO_PREFIX_ROOT=0 -DCMAKE_INSTALL_PREFIX=/home/tutu/ws/install/polaris_ranger_ev
[0.135s] -- The C compiler identification is GNU 9.4.0
[0.229s] -- The CXX compiler identification is GNU 9.4.0
[0.239s] -- Check for working C compiler: /usr/bin/cc
[0.339s] -- Check for working C compiler: /usr/bin/cc -- works
[0.343s] -- Detecting C compiler ABI info
[0.443s] -- Detecting C compiler ABI info - done
[0.469s] -- Detecting C compile features
[0.469s] -- Detecting C compile features - done
[0.475s] -- Check for working CXX compiler: /usr/bin/c++
[0.584s] -- Check for working CXX compiler: /usr/bin/c++ -- works
[0.584s] -- Detecting CXX compiler ABI info
[0.715s] -- Detecting CXX compiler ABI info - done
[0.729s] -- Detecting CXX compile features
[0.731s] -- Detecting CXX compile features - done
[0.734s] -- Using CATKIN_DEVEL_PREFIX: /home/tutu/ws/build/polaris_ranger_ev/devel
[0.735s] -- Using CMAKE_PREFIX_PATH: /opt/ros/noetic
[0.735s] -- This workspace overlays: /opt/ros/noetic
[0.774s] -- Found PythonInterp: /usr/bin/python3 (found suitable version "3.8.10", minimum required is "3") 
[0.774s] -- Using PYTHON_EXECUTABLE: /usr/bin/python3
[0.775s] -- Using Debian Python package layout
[0.855s] -- Found PY_em: /usr/lib/python3/dist-packages/em.py  
[0.855s] -- Using empy: /usr/lib/python3/dist-packages/em.py
[1.090s] -- Using CATKIN_ENABLE_TESTING: ON
[1.090s] -- Call enable_testing()
[1.094s] -- Using CATKIN_TEST_RESULTS_DIR: /home/tutu/ws/build/polaris_ranger_ev/test_results
[1.586s] -- Forcing gtest/gmock from source, though one was otherwise available.
[1.586s] -- Found gtest sources under '/usr/src/googletest': gtests will be built
[1.586s] -- Found gmock sources under '/usr/src/googletest': gmock will be built
[1.642s] -- Found PythonInterp: /usr/bin/python3 (found version "3.8.10") 
[1.646s] -- Found Threads: TRUE  
[1.655s] -- Using Python nosetests: /usr/bin/nosetests3
[1.762s] -- catkin 0.8.10
[1.762s] -- BUILD_SHARED_LIBS is on
[2.251s] -- Configuring done
[2.261s] -- Generating done
[2.264s] -- Build files have been written to: /home/tutu/ws/build/polaris_ranger_ev
[2.280s] Invoked command in '/home/tutu/ws/build/polaris_ranger_ev' returned '0': /usr/bin/cmake /home/tutu/ws/MobileRobots-master/src/mr_ws/src/polaris_ranger_ev -DCATKIN_INSTALL_INTO_PREFIX_ROOT=0 -DCMAKE_INSTALL_PREFIX=/home/tutu/ws/install/polaris_ranger_ev
[2.282s] Invoking command in '/home/tutu/ws/build/polaris_ranger_ev': /usr/bin/cmake --build /home/tutu/ws/build/polaris_ranger_ev -- -j8 -l8
[2.713s] Invoked command in '/home/tutu/ws/build/polaris_ranger_ev' returned '0': /usr/bin/cmake --build /home/tutu/ws/build/polaris_ranger_ev -- -j8 -l8
[2.773s] Invoking command in '/home/tutu/ws/build/polaris_ranger_ev': /usr/bin/cmake --build /home/tutu/ws/build/polaris_ranger_ev --target tests -- -j8 -l8
[2.864s] [35m[1mScanning dependencies of target tests[0m
[2.885s] Built target tests
[2.904s] Invoked command in '/home/tutu/ws/build/polaris_ranger_ev' returned '0': /usr/bin/cmake --build /home/tutu/ws/build/polaris_ranger_ev --target tests -- -j8 -l8
[3.004s] Invoking command in '/home/tutu/ws/build/polaris_ranger_ev': /usr/bin/cmake --install /home/tutu/ws/build/polaris_ranger_ev
[8.367s] -- Install configuration: ""
[8.368s] -- Installing: /home/tutu/ws/install/polaris_ranger_ev/lib/pkgconfig/polaris_ranger_ev.pc
[8.368s] -- Installing: /home/tutu/ws/install/polaris_ranger_ev/share/polaris_ranger_ev/cmake/polaris_ranger_evConfig.cmake
[8.368s] -- Installing: /home/tutu/ws/install/polaris_ranger_ev/share/polaris_ranger_ev/cmake/polaris_ranger_evConfig-version.cmake
[8.368s] -- Installing: /home/tutu/ws/install/polaris_ranger_ev/share/polaris_ranger_ev/package.xml
[8.426s] Invoked command in '/home/tutu/ws/build/polaris_ranger_ev' returned '0': /usr/bin/cmake --install /home/tutu/ws/build/polaris_ranger_ev
